# JRE version: OpenJDK Runtime Environment (8.0_202-b03) (build 1.8.0_202-release-1483-b03)
# Java VM: OpenJDK 64-Bit Server VM (25.202-b03 mixed mode windows-amd64 compressed oops)
Heap:
 PSYoungGen      total 267776K, used 33178K [0x00000000e0000000, 0x00000000f2600000, 0x0000000100000000)
  eden space 238592K, 6% used [0x00000000e0000000,0x00000000e0fec3e8,0x00000000ee900000)
  from space 29184K, 57% used [0x00000000f0980000,0x00000000f19fa588,0x00000000f2600000)
  to   space 31232K, 0% used [0x00000000ee900000,0x00000000ee900000,0x00000000f0780000)
 ParOldGen       total 133632K, used 74248K [0x00000000a0000000, 0x00000000a8280000, 0x00000000e0000000)
  object space 133632K, 55% used [0x00000000a0000000,0x00000000a48821c0,0x00000000a8280000)
 Metaspace       used 84093K, capacity 87956K, committed 88344K, reserved 1126400K
  class space    used 11236K, capacity 11955K, committed 12056K, reserved 1048576K
GC Heap History (10 events):
Event: 10.907 GC heap before
{Heap before GC invocations=17 (full 3):
 PSYoungGen      total 189952K, used 185600K [0x00000000e0000000, 0x00000000eee00000, 0x0000000100000000)
  eden space 171008K, 100% used [0x00000000e0000000,0x00000000ea700000,0x00000000ea700000)
  from space 18944K, 77% used [0x00000000ea700000,0x00000000eb5402b0,0x00000000eb980000)
  to   space 19968K, 0% used [0x00000000eda80000,0x00000000eda80000,0x00000000eee00000)
 ParOldGen       total 133632K, used 30241K [0x00000000a0000000, 0x00000000a8280000, 0x00000000e0000000)
  object space 133632K, 22% used [0x00000000a0000000,0x00000000a1d886e0,0x00000000a8280000)
 Metaspace       used 64784K, capacity 67090K, committed 67480K, reserved 1107968K
  class space    used 8777K, capacity 9244K, committed 9368K, reserved 1048576K
Event: 10.929 GC heap after
Heap after GC invocations=17 (full 3):
 PSYoungGen      total 218624K, used 19940K [0x00000000e0000000, 0x00000000ef780000, 0x0000000100000000)
  eden space 198656K, 0% used [0x00000000e0000000,0x00000000e0000000,0x00000000ec200000)
  from space 19968K, 99% used [0x00000000eda80000,0x00000000eedf9078,0x00000000eee00000)
  to   space 25088K, 0% used [0x00000000ec200000,0x00000000ec200000,0x00000000eda80000)
 ParOldGen       total 133632K, used 35634K [0x00000000a0000000, 0x00000000a8280000, 0x00000000e0000000)
  object space 133632K, 26% used [0x00000000a0000000,0x00000000a22cc928,0x00000000a8280000)
 Metaspace       used 64784K, capacity 67090K, committed 67480K, reserved 1107968K
  class space    used 8777K, capacity 9244K, committed 9368K, reserved 1048576K
}
Event: 61.362 GC heap before
{Heap before GC invocations=18 (full 3):
 PSYoungGen      total 218624K, used 218596K [0x00000000e0000000, 0x00000000ef780000, 0x0000000100000000)
  eden space 198656K, 100% used [0x00000000e0000000,0x00000000ec200000,0x00000000ec200000)
  from space 19968K, 99% used [0x00000000eda80000,0x00000000eedf9078,0x00000000eee00000)
  to   space 25088K, 0% used [0x00000000ec200000,0x00000000ec200000,0x00000000eda80000)
 ParOldGen       total 133632K, used 35634K [0x00000000a0000000, 0x00000000a8280000, 0x00000000e0000000)
  object space 133632K, 26% used [0x00000000a0000000,0x00000000a22cc928,0x00000000a8280000)
 Metaspace       used 70613K, capacity 73264K, committed 73496K, reserved 1112064K
  class space    used 9386K, capacity 9931K, committed 10008K, reserved 1048576K
Event: 61.588 GC heap after
Heap after GC invocations=18 (full 3):
 PSYoungGen      total 223744K, used 14327K [0x00000000e0000000, 0x00000000f1280000, 0x0000000100000000)
  eden space 198656K, 0% used [0x00000000e0000000,0x00000000e0000000,0x00000000ec200000)
  from space 25088K, 57% used [0x00000000ec200000,0x00000000ecffdf10,0x00000000eda80000)
  to   space 25088K, 0% used [0x00000000efa00000,0x00000000efa00000,0x00000000f1280000)
 ParOldGen       total 133632K, used 53442K [0x00000000a0000000, 0x00000000a8280000, 0x00000000e0000000)
  object space 133632K, 39% used [0x00000000a0000000,0x00000000a3430940,0x00000000a8280000)
 Metaspace       used 70613K, capacity 73264K, committed 73496K, reserved 1112064K
  class space    used 9386K, capacity 9931K, committed 10008K, reserved 1048576K
}
Event: 68.427 GC heap before
{Heap before GC invocations=19 (full 3):
 PSYoungGen      total 223744K, used 212983K [0x00000000e0000000, 0x00000000f1280000, 0x0000000100000000)
  eden space 198656K, 100% used [0x00000000e0000000,0x00000000ec200000,0x00000000ec200000)
  from space 25088K, 57% used [0x00000000ec200000,0x00000000ecffdf10,0x00000000eda80000)
  to   space 25088K, 0% used [0x00000000efa00000,0x00000000efa00000,0x00000000f1280000)
 ParOldGen       total 133632K, used 53442K [0x00000000a0000000, 0x00000000a8280000, 0x00000000e0000000)
  object space 133632K, 39% used [0x00000000a0000000,0x00000000a3430940,0x00000000a8280000)
 Metaspace       used 74525K, capacity 77482K, committed 77592K, reserved 1116160K
  class space    used 9879K, capacity 10454K, committed 10520K, reserved 1048576K
Event: 68.450 GC heap after
Heap after GC invocations=19 (full 3):
 PSYoungGen      total 248320K, used 25075K [0x00000000e0000000, 0x00000000f1d00000, 0x0000000100000000)
  eden space 223232K, 0% used [0x00000000e0000000,0x00000000e0000000,0x00000000eda00000)
  from space 25088K, 99% used [0x00000000efa00000,0x00000000f127cd88,0x00000000f1280000)
  to   space 32768K, 0% used [0x00000000eda00000,0x00000000eda00000,0x00000000efa00000)
 ParOldGen       total 133632K, used 65114K [0x00000000a0000000, 0x00000000a8280000, 0x00000000e0000000)
  object space 133632K, 48% used [0x00000000a0000000,0x00000000a3f968e8,0x00000000a8280000)
 Metaspace       used 74525K, capacity 77482K, committed 77592K, reserved 1116160K
  class space    used 9879K, capacity 10454K, committed 10520K, reserved 1048576K
}
Event: 268.452 GC heap before
{Heap before GC invocations=20 (full 3):
 PSYoungGen      total 248320K, used 248307K [0x00000000e0000000, 0x00000000f1d00000, 0x0000000100000000)
  eden space 223232K, 100% used [0x00000000e0000000,0x00000000eda00000,0x00000000eda00000)
  from space 25088K, 99% used [0x00000000efa00000,0x00000000f127cd88,0x00000000f1280000)
  to   space 32768K, 0% used [0x00000000eda00000,0x00000000eda00000,0x00000000efa00000)
 ParOldGen       total 133632K, used 65114K [0x00000000a0000000, 0x00000000a8280000, 0x00000000e0000000)
  object space 133632K, 48% used [0x00000000a0000000,0x00000000a3f968e8,0x00000000a8280000)
 Metaspace       used 75895K, capacity 79016K, committed 79256K, reserved 1118208K
  class space    used 9992K, capacity 10607K, committed 10648K, reserved 1048576K
Event: 268.520 GC heap after
Heap after GC invocations=20 (full 3):
 PSYoungGen      total 256000K, used 9204K [0x00000000e0000000, 0x00000000f2880000, 0x0000000100000000)
  eden space 223232K, 0% used [0x00000000e0000000,0x00000000e0000000,0x00000000eda00000)
  from space 32768K, 28% used [0x00000000eda00000,0x00000000ee2fd188,0x00000000efa00000)
  to   space 31744K, 0% used [0x00000000f0980000,0x00000000f0980000,0x00000000f2880000)
 ParOldGen       total 133632K, used 74240K [0x00000000a0000000, 0x00000000a8280000, 0x00000000e0000000)
  object space 133632K, 55% used [0x00000000a0000000,0x00000000a48801c0,0x00000000a8280000)
 Metaspace       used 75895K, capacity 79016K, committed 79256K, reserved 1118208K
  class space    used 9992K, capacity 10607K, committed 10648K, reserved 1048576K
}
Event: 284.343 GC heap before
{Heap before GC invocations=21 (full 3):
 PSYoungGen      total 256000K, used 232436K [0x00000000e0000000, 0x00000000f2880000, 0x0000000100000000)
  eden space 223232K, 100% used [0x00000000e0000000,0x00000000eda00000,0x00000000eda00000)
  from space 32768K, 28% used [0x00000000eda00000,0x00000000ee2fd188,0x00000000efa00000)
  to   space 31744K, 0% used [0x00000000f0980000,0x00000000f0980000,0x00000000f2880000)
 ParOldGen       total 133632K, used 74240K [0x00000000a0000000, 0x00000000a8280000, 0x00000000e0000000)
  object space 133632K, 55% used [0x00000000a0000000,0x00000000a48801c0,0x00000000a8280000)
 Metaspace       used 83955K, capacity 87726K, committed 88088K, reserved 1126400K
  class space    used 11218K, capacity 11948K, committed 12056K, reserved 1048576K
Event: 284.416 GC heap after
Heap after GC invocations=21 (full 3):
 PSYoungGen      total 267776K, used 16873K [0x00000000e0000000, 0x00000000f2600000, 0x0000000100000000)
  eden space 238592K, 0% used [0x00000000e0000000,0x00000000e0000000,0x00000000ee900000)
  from space 29184K, 57% used [0x00000000f0980000,0x00000000f19fa588,0x00000000f2600000)
  to   space 31232K, 0% used [0x00000000ee900000,0x00000000ee900000,0x00000000f0780000)
 ParOldGen       total 133632K, used 74248K [0x00000000a0000000, 0x00000000a8280000, 0x00000000e0000000)
  object space 133632K, 55% used [0x00000000a0000000,0x00000000a48821c0,0x00000000a8280000)
 Metaspace       used 83955K, capacity 87726K, committed 88088K, reserved 1126400K
  class space    used 11218K, capacity 11948K, committed 12056K, reserved 1048576K
}

