# JRE version: OpenJDK Runtime Environment (8.0_202-b03) (build 1.8.0_202-release-1483-b03)
# Java VM: OpenJDK 64-Bit Server VM (25.202-b03 mixed mode windows-amd64 compressed oops)
Heap:
 PSYoungGen      total 281088K, used 111889K [0x00000000e0000000, 0x00000000fc000000, 0x0000000100000000)
  eden space 208896K, 19% used [0x00000000e0000000,0x00000000e26c64d0,0x00000000ecc00000)
  from space 72192K, 99% used [0x00000000ecc00000,0x00000000f127df50,0x00000000f1280000)
  to   space 102400K, 0% used [0x00000000f5c00000,0x00000000f5c00000,0x00000000fc000000)
 ParOldGen       total 332800K, used 201080K [0x00000000a0000000, 0x00000000b4500000, 0x00000000e0000000)
  object space 332800K, 60% used [0x00000000a0000000,0x00000000ac45e1a8,0x00000000b4500000)
 Metaspace       used 98007K, capacity 101644K, committed 102040K, reserved 1138688K
  class space    used 12691K, capacity 13413K, committed 13464K, reserved 1048576K
GC Heap History (10 events):
Event: 126.787 GC heap before
{Heap before GC invocations=21 (full 3):
 PSYoungGen      total 224256K, used 221594K [0x00000000e0000000, 0x00000000f1400000, 0x0000000100000000)
  eden space 194048K, 100% used [0x00000000e0000000,0x00000000ebd80000,0x00000000ebd80000)
  from space 30208K, 91% used [0x00000000ebd80000,0x00000000ed8669c0,0x00000000edb00000)
  to   space 33792K, 0% used [0x00000000ef300000,0x00000000ef300000,0x00000000f1400000)
 ParOldGen       total 152576K, used 66318K [0x00000000a0000000, 0x00000000a9500000, 0x00000000e0000000)
  object space 152576K, 43% used [0x00000000a0000000,0x00000000a40c3b58,0x00000000a9500000)
 Metaspace       used 82273K, capacity 85752K, committed 85912K, reserved 1124352K
  class space    used 10843K, capacity 11549K, committed 11672K, reserved 1048576K
Event: 126.803 GC heap after
Heap after GC invocations=21 (full 3):
 PSYoungGen      total 245248K, used 26783K [0x00000000e0000000, 0x00000000f1480000, 0x0000000100000000)
  eden space 211456K, 0% used [0x00000000e0000000,0x00000000e0000000,0x00000000ece80000)
  from space 33792K, 79% used [0x00000000ef300000,0x00000000f0d27cc8,0x00000000f1400000)
  to   space 35840K, 0% used [0x00000000ece80000,0x00000000ece80000,0x00000000ef180000)
 ParOldGen       total 152576K, used 66326K [0x00000000a0000000, 0x00000000a9500000, 0x00000000e0000000)
  object space 152576K, 43% used [0x00000000a0000000,0x00000000a40c5b58,0x00000000a9500000)
 Metaspace       used 82273K, capacity 85752K, committed 85912K, reserved 1124352K
  class space    used 10843K, capacity 11549K, committed 11672K, reserved 1048576K
}
Event: 141.867 GC heap before
{Heap before GC invocations=22 (full 3):
 PSYoungGen      total 245248K, used 238239K [0x00000000e0000000, 0x00000000f1480000, 0x0000000100000000)
  eden space 211456K, 100% used [0x00000000e0000000,0x00000000ece80000,0x00000000ece80000)
  from space 33792K, 79% used [0x00000000ef300000,0x00000000f0d27cc8,0x00000000f1400000)
  to   space 35840K, 0% used [0x00000000ece80000,0x00000000ece80000,0x00000000ef180000)
 ParOldGen       total 152576K, used 66326K [0x00000000a0000000, 0x00000000a9500000, 0x00000000e0000000)
  object space 152576K, 43% used [0x00000000a0000000,0x00000000a40c5b58,0x00000000a9500000)
 Metaspace       used 90008K, capacity 93614K, committed 93720K, reserved 1130496K
  class space    used 11791K, capacity 12496K, committed 12568K, reserved 1048576K
Event: 142.013 GC heap after
Heap after GC invocations=22 (full 3):
 PSYoungGen      total 247296K, used 35837K [0x00000000e0000000, 0x00000000f4500000, 0x0000000100000000)
  eden space 211456K, 0% used [0x00000000e0000000,0x00000000e0000000,0x00000000ece80000)
  from space 35840K, 99% used [0x00000000ece80000,0x00000000ef17f408,0x00000000ef180000)
  to   space 51712K, 0% used [0x00000000f1280000,0x00000000f1280000,0x00000000f4500000)
 ParOldGen       total 152576K, used 93590K [0x00000000a0000000, 0x00000000a9500000, 0x00000000e0000000)
  object space 152576K, 61% used [0x00000000a0000000,0x00000000a5b65b80,0x00000000a9500000)
 Metaspace       used 90008K, capacity 93614K, committed 93720K, reserved 1130496K
  class space    used 11791K, capacity 12496K, committed 12568K, reserved 1048576K
}
Event: 143.291 GC heap before
{Heap before GC invocations=23 (full 3):
 PSYoungGen      total 247296K, used 131737K [0x00000000e0000000, 0x00000000f4500000, 0x0000000100000000)
  eden space 211456K, 45% used [0x00000000e0000000,0x00000000e5da73d8,0x00000000ece80000)
  from space 35840K, 99% used [0x00000000ece80000,0x00000000ef17f408,0x00000000ef180000)
  to   space 51712K, 0% used [0x00000000f1280000,0x00000000f1280000,0x00000000f4500000)
 ParOldGen       total 152576K, used 93590K [0x00000000a0000000, 0x00000000a9500000, 0x00000000e0000000)
  object space 152576K, 61% used [0x00000000a0000000,0x00000000a5b65b80,0x00000000a9500000)
 Metaspace       used 94818K, capacity 98398K, committed 98600K, reserved 1134592K
  class space    used 12355K, capacity 13082K, committed 13208K, reserved 1048576K
Event: 143.405 GC heap after
Heap after GC invocations=23 (full 3):
 PSYoungGen      total 260608K, used 51683K [0x00000000e0000000, 0x00000000f7b00000, 0x0000000100000000)
  eden space 208896K, 0% used [0x00000000e0000000,0x00000000e0000000,0x00000000ecc00000)
  from space 51712K, 99% used [0x00000000f1280000,0x00000000f44f8f08,0x00000000f4500000)
  to   space 72192K, 0% used [0x00000000ecc00000,0x00000000ecc00000,0x00000000f1280000)
 ParOldGen       total 152576K, used 127430K [0x00000000a0000000, 0x00000000a9500000, 0x00000000e0000000)
  object space 152576K, 83% used [0x00000000a0000000,0x00000000a7c718f0,0x00000000a9500000)
 Metaspace       used 94818K, capacity 98398K, committed 98600K, reserved 1134592K
  class space    used 12355K, capacity 13082K, committed 13208K, reserved 1048576K
}
Event: 143.405 GC heap before
{Heap before GC invocations=24 (full 4):
 PSYoungGen      total 260608K, used 51683K [0x00000000e0000000, 0x00000000f7b00000, 0x0000000100000000)
  eden space 208896K, 0% used [0x00000000e0000000,0x00000000e0000000,0x00000000ecc00000)
  from space 51712K, 99% used [0x00000000f1280000,0x00000000f44f8f08,0x00000000f4500000)
  to   space 72192K, 0% used [0x00000000ecc00000,0x00000000ecc00000,0x00000000f1280000)
 ParOldGen       total 152576K, used 127430K [0x00000000a0000000, 0x00000000a9500000, 0x00000000e0000000)
  object space 152576K, 83% used [0x00000000a0000000,0x00000000a7c718f0,0x00000000a9500000)
 Metaspace       used 94818K, capacity 98398K, committed 98600K, reserved 1134592K
  class space    used 12355K, capacity 13082K, committed 13208K, reserved 1048576K
Event: 144.891 GC heap after
Heap after GC invocations=24 (full 4):
 PSYoungGen      total 260608K, used 8122K [0x00000000e0000000, 0x00000000f7b00000, 0x0000000100000000)
  eden space 208896K, 0% used [0x00000000e0000000,0x00000000e0000000,0x00000000ecc00000)
  from space 51712K, 15% used [0x00000000f1280000,0x00000000f1a6ea18,0x00000000f4500000)
  to   space 72192K, 0% used [0x00000000ecc00000,0x00000000ecc00000,0x00000000f1280000)
 ParOldGen       total 332800K, used 152219K [0x00000000a0000000, 0x00000000b4500000, 0x00000000e0000000)
  object space 332800K, 45% used [0x00000000a0000000,0x00000000a94a6f70,0x00000000b4500000)
 Metaspace       used 94807K, capacity 98366K, committed 98600K, reserved 1134592K
  class space    used 12352K, capacity 13076K, committed 13208K, reserved 1048576K
}
Event: 147.011 GC heap before
{Heap before GC invocations=25 (full 4):
 PSYoungGen      total 260608K, used 217018K [0x00000000e0000000, 0x00000000f7b00000, 0x0000000100000000)
  eden space 208896K, 100% used [0x00000000e0000000,0x00000000ecc00000,0x00000000ecc00000)
  from space 51712K, 15% used [0x00000000f1280000,0x00000000f1a6ea18,0x00000000f4500000)
  to   space 72192K, 0% used [0x00000000ecc00000,0x00000000ecc00000,0x00000000f1280000)
 ParOldGen       total 332800K, used 152219K [0x00000000a0000000, 0x00000000b4500000, 0x00000000e0000000)
  object space 332800K, 45% used [0x00000000a0000000,0x00000000a94a6f70,0x00000000b4500000)
 Metaspace       used 98002K, capacity 101644K, committed 102040K, reserved 1138688K
  class space    used 12691K, capacity 13413K, committed 13464K, reserved 1048576K
Event: 147.384 GC heap after
Heap after GC invocations=25 (full 4):
 PSYoungGen      total 281088K, used 72183K [0x00000000e0000000, 0x00000000fc000000, 0x0000000100000000)
  eden space 208896K, 0% used [0x00000000e0000000,0x00000000e0000000,0x00000000ecc00000)
  from space 72192K, 99% used [0x00000000ecc00000,0x00000000f127df50,0x00000000f1280000)
  to   space 102400K, 0% used [0x00000000f5c00000,0x00000000f5c00000,0x00000000fc000000)
 ParOldGen       total 332800K, used 201080K [0x00000000a0000000, 0x00000000b4500000, 0x00000000e0000000)
  object space 332800K, 60% used [0x00000000a0000000,0x00000000ac45e1a8,0x00000000b4500000)
 Metaspace       used 98002K, capacity 101644K, committed 102040K, reserved 1138688K
  class space    used 12691K, capacity 13413K, committed 13464K, reserved 1048576K
}

